[22:59:30] [main/INFO]: Loading tweak class name optifine.OptiFineTweaker
[22:59:30] [main/INFO]: Using primary tweak class name optifine.OptiFineTweaker
[22:59:30] [main/INFO]: Calling tweak class optifine.OptiFineTweaker
[22:59:30] [main/INFO]: Launching wrapped minecraft {net.minecraft.client.main.Main}
[22:59:30] [main/INFO]: [OptiFine] (Reflector) Field not found: World.tileEntitiesToBeRemoved
[22:59:30] [main/INFO]: [OptiFine] (Reflector) Class not present: net.minecraftforge.eventbus.api.Event$Result
[22:59:30] [main/INFO]: [OptiFine] (Reflector) Method not present: net.minecraftforge.common.extensions.IForgeBlockState.hasTileEntity
[22:59:30] [main/INFO]: [OptiFine] (Reflector) Class not present: net.minecraftforge.common.extensions.IForgeEntity
[22:59:30] [main/INFO]: [OptiFine] (Reflector) Class not present: net.minecraftforge.fml.CrashReportExtender
[22:59:33] [main/INFO]: [OptiFine] (Reflector) Class not present: net.minecraftforge.client.ForgeHooksClient
[22:59:34] [main/INFO]: Environment: authHost='https://authserver.mojang.com', accountsHost='https://api.mojang.com', sessionHost='https://sessionserver.mojang.com', name='PROD'
[22:59:34] [main/INFO]: Setting user: 2004_john
[22:59:34] [main/INFO]: [OptiFine] (Reflector) Class not present: net.minecraftforge.client.settings.KeyConflictContext
[22:59:34] [main/INFO]: [OptiFine] (Reflector) Class not present: net.minecraftforge.client.settings.KeyModifier
[22:59:34] [main/INFO]: Backend library: LWJGL version 3.2.2 build 10
[22:59:34] [main/INFO]: [OptiFine] (Reflector) Class not present: net.minecraftforge.fml.loading.progress.EarlyProgressVisualization
[22:59:37] [main/INFO]: [OptiFine] 
[22:59:37] [main/INFO]: [OptiFine] OptiFine_1.16.3_HD_U_G3
[22:59:37] [main/INFO]: [OptiFine] Build: 20200916-082411
[22:59:37] [main/INFO]: [OptiFine] OS: Windows 10 (amd64) version 10.0
[22:59:37] [main/INFO]: [OptiFine] Java: 1.8.0_51, Oracle Corporation
[22:59:37] [main/INFO]: [OptiFine] VM: Java HotSpot(TM) 64-Bit Server VM (mixed mode), Oracle Corporation
[22:59:37] [main/INFO]: [OptiFine] LWJGL: 3.3.0 Win32 WGL EGL OSMesa VisualC DLL
[22:59:37] [main/INFO]: [OptiFine] OpenGL: GeForce GTX 1660 Ti/PCIe/SSE2, version 4.6.0 NVIDIA 452.06, NVIDIA Corporation
[22:59:37] [main/INFO]: [OptiFine] OpenGL Version: 4.6.0
[22:59:37] [main/INFO]: [OptiFine] Maximum texture size: 32768x32768
[22:59:37] [VersionCheck/INFO]: [OptiFine] Checking for new version
[22:59:37] [main/INFO]: [Shaders] OpenGL Version: 4.6.0 NVIDIA 452.06
[22:59:37] [main/INFO]: [Shaders] Vendor:  NVIDIA Corporation
[22:59:37] [main/INFO]: [Shaders] Renderer: GeForce GTX 1660 Ti/PCIe/SSE2
[22:59:37] [main/INFO]: [Shaders] Capabilities:  2.0  2.1  3.0  3.2  4.0 
[22:59:37] [main/INFO]: [Shaders] GL_MAX_DRAW_BUFFERS: 8
[22:59:37] [main/INFO]: [Shaders] GL_MAX_COLOR_ATTACHMENTS_EXT: 8
[22:59:37] [main/INFO]: [Shaders] GL_MAX_TEXTURE_IMAGE_UNITS: 32
[22:59:37] [main/INFO]: [Shaders] Load shaders configuration.
[22:59:37] [main/INFO]: [Shaders] No shaderpack loaded.
[22:59:37] [main/INFO]: [OptiFine] (Reflector) Class not present: net.minecraftforge.fml.common.Loader
[22:59:37] [main/INFO]: Removed resource pack vanilla from incompatibility list because it's now compatible
[22:59:37] [main/INFO]: [OptiFine] (Reflector) Class not present: net.minecraftforge.client.ItemModelMesherForge
[22:59:38] [main/INFO]: [OptiFine] (Reflector) Class not present: net.minecraftforge.client.model.pipeline.ForgeBlockModelRenderer
[22:59:38] [VersionCheck/INFO]: [OptiFine] java.io.FileNotFoundException: http://optifine.net/version/1.16.3/HD_U.txt
[22:59:38] [main/INFO]: Narrator library for x64 successfully loaded
[22:59:38] [main/INFO]: [OptiFine] (Reflector) Class not present: net.minecraftforge.fml.client.gui.screen.ModListScreen
[22:59:38] [main/INFO]: [OptiFine] (Reflector) Class not present: net.minecraftforge.client.gui.NotificationModUpdateScreen
[22:59:38] [main/INFO]: Reloading ResourceManager: Default
[22:59:38] [main/INFO]: [OptiFine] *** Reloading textures ***
[22:59:38] [main/INFO]: [OptiFine] Resource packs: Default
[22:59:38] [Worker-Main-8/INFO]: [OptiFine] (Reflector) Class not present: net.minecraftforge.client.model.ModelLoaderRegistry
[22:59:38] [main/INFO]: [OptiFine] (Reflector) Method not present: dzt.canRenderInLayer
[22:59:38] [main/INFO]: [OptiFine] *** Reflector Forge ***
[22:59:38] [main/INFO]: [OptiFine] (Reflector) Class not present: mods.betterfoliage.client.BetterFoliageClient
[22:59:38] [main/INFO]: [OptiFine] (Reflector) Class not present: net.minecraftforge.fml.BrandingControl
[22:59:38] [main/INFO]: [OptiFine] (Reflector) Class not present: net.minecraftforge.common.capabilities.ICapabilityProvider
[22:59:38] [main/INFO]: [OptiFine] (Reflector) Class not present: net.minecraftforge.common.capabilities.CapabilityProvider
[22:59:38] [main/INFO]: [OptiFine] (Reflector) Class not present: net.minecraftforge.fml.client.ClientModLoader
[22:59:38] [main/INFO]: [OptiFine] (Reflector) Class not present: net.minecraftforge.event.world.ChunkDataEvent$Save
[22:59:38] [main/INFO]: [OptiFine] (Reflector) Class not present: net.minecraftforge.event.world.ChunkEvent$Load
[22:59:38] [main/INFO]: [OptiFine] (Reflector) Class not present: net.minecraftforge.event.world.ChunkEvent$Unload
[22:59:38] [main/INFO]: [OptiFine] (Reflector) Class not present: net.minecraftforge.fml.client.ClientHooks
[22:59:38] [main/INFO]: [OptiFine] (Reflector) Class not present: net.minecraftforge.client.event.GuiScreenEvent$DrawScreenEvent$Pre
[22:59:38] [main/INFO]: [OptiFine] (Reflector) Class not present: net.minecraftforge.client.event.GuiScreenEvent$DrawScreenEvent$Post
[22:59:38] [main/INFO]: [OptiFine] (Reflector) Class not present: net.minecraftforge.event.entity.EntityLeaveWorldEvent
[22:59:38] [main/INFO]: [OptiFine] (Reflector) Class not present: net.minecraftforge.client.event.EntityViewRenderEvent$CameraSetup
[22:59:38] [main/INFO]: [OptiFine] (Reflector) Class not present: net.minecraftforge.client.event.EntityViewRenderEvent$FogColors
[22:59:38] [main/INFO]: [OptiFine] (Reflector) Class not present: net.minecraftforge.client.event.EntityViewRenderEvent$RenderFogEvent
[22:59:38] [main/INFO]: [OptiFine] (Reflector) Class not present: net.minecraftforge.event.entity.EntityJoinWorldEvent
[22:59:38] [main/INFO]: [OptiFine] (Reflector) Method not present: net.minecraftforge.eventbus.api.Event.isCanceled
[22:59:38] [main/INFO]: [OptiFine] (Reflector) Method not present: net.minecraftforge.eventbus.api.Event.getResult
[22:59:38] [main/INFO]: [OptiFine] (Reflector) Class not present: net.minecraftforge.eventbus.api.IEventBus
[22:59:38] [main/INFO]: [OptiFine] (Reflector) Class not present: net.minecraftforge.common.extensions.IForgeBlock
[22:59:38] [main/INFO]: [OptiFine] (Reflector) Method not present: eao.getTexture
[22:59:38] [main/INFO]: [OptiFine] (Reflector) Method not present: net.minecraftforge.common.extensions.IForgeBlockState.addDestroyEffects
[22:59:38] [main/INFO]: [OptiFine] (Reflector) Method not present: net.minecraftforge.common.extensions.IForgeBlockState.addHitEffects
[22:59:38] [main/INFO]: [OptiFine] (Reflector) Method not present: net.minecraftforge.common.extensions.IForgeBlockState.getLightValue
[22:59:38] [main/INFO]: [OptiFine] (Reflector) Method not present: net.minecraftforge.common.extensions.IForgeBlockState.getSoundType
[22:59:38] [main/INFO]: [OptiFine] (Reflector) Method not present: net.minecraftforge.common.extensions.IForgeBlockState.getStateAtViewpoint
[22:59:38] [main/INFO]: [OptiFine] (Reflector) Method not present: net.minecraftforge.common.extensions.IForgeBlockState.isAir
[22:59:38] [main/INFO]: [OptiFine] (Reflector) Method not present: net.minecraftforge.common.extensions.IForgeBlockState.shouldDisplayFluidOverlay
[22:59:38] [main/INFO]: [OptiFine] (Reflector) Class not present: net.minecraftforge.common.extensions.IForgeFluid
[22:59:38] [main/INFO]: [OptiFine] (Reflector) Class not present: net.minecraftforge.fluids.FluidAttributes
[22:59:38] [main/INFO]: [OptiFine] (Reflector) Method not present: aqb.getTags
[22:59:38] [Worker-Main-6/INFO]: [OptiFine] Multitexture: false
[22:59:38] [Worker-Main-9/INFO]: [OptiFine] Multitexture: false
[22:59:38] [main/INFO]: [OptiFine] (Reflector) Class not present: net.minecraftforge.event.ForgeEventFactory
[22:59:38] [main/INFO]: [OptiFine] (Reflector) Method not present: cut.getTags
[22:59:38] [main/INFO]: [OptiFine] (Reflector) Class not present: net.minecraftforge.common.ForgeHooks
[22:59:38] [main/INFO]: [OptiFine] (Reflector) Class not present: net.minecraftforge.common.ForgeConfig
[22:59:38] [main/INFO]: [OptiFine] (Reflector) Class not present: net.minecraftforge.common.ForgeConfig$Client
[22:59:38] [main/INFO]: [OptiFine] (Reflector) Class not present: net.minecraftforge.common.ForgeConfigSpec
[22:59:38] [main/INFO]: [OptiFine] (Reflector) Class not present: net.minecraftforge.common.ForgeConfigSpec$ConfigValue
[22:59:38] [main/INFO]: [OptiFine] (Reflector) Method not present: cft.getWorldForge
[22:59:38] [main/INFO]: [OptiFine] (Reflector) Class not present: net.minecraftforge.common.extensions.IForgeItem
[22:59:38] [main/INFO]: [OptiFine] (Reflector) Class not present: net.minecraftforge.common.extensions.IForgeItemStack
[22:59:38] [main/INFO]: [OptiFine] (Reflector) Class not present: net.minecraftforge.fml.ForgeI18n
[22:59:38] [main/INFO]: [OptiFine] (Reflector) Method not present: djt.setKeyConflictContext
[22:59:38] [main/INFO]: [OptiFine] (Reflector) Method not present: djt.setKeyModifierAndCode
[22:59:38] [main/INFO]: [OptiFine] (Reflector) Method not present: djt.getKeyModifier
[22:59:38] [main/INFO]: [OptiFine] (Reflector) Class not present: net.minecraftforge.common.extensions.IForgeEffectInstance
[22:59:38] [main/INFO]: [OptiFine] (Reflector) Class not present: net.minecraftforge.registries.ForgeRegistryEntry
[22:59:38] [main/INFO]: [OptiFine] (Reflector) Method not present: dzt.canRenderInLayer
[22:59:38] [main/INFO]: [OptiFine] (Reflector) Class not present: net.minecraftforge.common.extensions.IForgeTileEntity
[22:59:38] [main/INFO]: [OptiFine] (Reflector) Class not present: net.minecraftforge.common.extensions.IForgeDimension
[22:59:38] [main/INFO]: [OptiFine] (Reflector) Class not present: net.minecraftforge.client.model.pipeline.LightUtil
[22:59:38] [main/INFO]: [OptiFine] (Reflector) Class not present: net.minecraftforge.common.MinecraftForge
[22:59:38] [main/INFO]: [OptiFine] (Reflector) Class not present: net.minecraftforge.client.MinecraftForgeClient
[22:59:38] [main/INFO]: [OptiFine] (Reflector) Class not present: net.minecraftforge.fml.common.ModContainer
[22:59:38] [main/INFO]: [OptiFine] (Reflector) Class not present: net.minecraftforge.event.entity.PlaySoundAtEntityEvent
[22:59:38] [main/INFO]: [OptiFine] (Reflector) Class not present: net.minecraftforge.client.event.RenderBlockOverlayEvent$OverlayType
[22:59:38] [main/INFO]: [OptiFine] (Reflector) Class not present: net.minecraftforge.fml.client.registry.RenderingRegistry
[22:59:38] [main/INFO]: [OptiFine] (Reflector) Class not present: net.minecraftforge.client.event.RenderItemInFrameEvent
[22:59:38] [main/INFO]: [OptiFine] (Reflector) Class not present: net.minecraftforge.client.event.RenderLivingEvent$Pre
[22:59:38] [main/INFO]: [OptiFine] (Reflector) Class not present: net.minecraftforge.client.event.RenderLivingEvent$Post
[22:59:38] [main/INFO]: [OptiFine] (Reflector) Class not present: net.minecraftforge.client.event.RenderNameplateEvent
[22:59:38] [main/INFO]: [OptiFine] (Reflector) Class not present: net.minecraftforge.client.event.ScreenshotEvent
[22:59:38] [main/INFO]: [OptiFine] (Reflector) Class not present: net.minecraftforge.fml.server.ServerLifecycleHooks
[22:59:38] [main/INFO]: [OptiFine] (Reflector) Class not present: net.minecraftforge.event.world.WorldEvent$Load
[22:59:38] [main/INFO]: [OptiFine] *** Reflector Vanilla ***
[22:59:38] [Worker-Main-7/INFO]: [OptiFine] Multitexture: false
[22:59:40] [Worker-Main-8/INFO]: [OptiFine] Multitexture: false
[22:59:40] [Worker-Main-8/INFO]: [OptiFine] ConnectedTextures: optifine/ctm/default/00_glass_white/glass_pane_white.properties
[22:59:40] [Worker-Main-8/INFO]: [OptiFine] ConnectedTextures: optifine/ctm/default/00_glass_white/glass_white.properties
[22:59:40] [Worker-Main-8/INFO]: [OptiFine] ConnectedTextures: optifine/ctm/default/01_glass_orange/glass_orange.properties
[22:59:40] [Worker-Main-8/INFO]: [OptiFine] ConnectedTextures: optifine/ctm/default/01_glass_orange/glass_pane_orange.properties
[22:59:40] [Worker-Main-8/INFO]: [OptiFine] ConnectedTextures: optifine/ctm/default/02_glass_magenta/glass_magenta.properties
[22:59:40] [Worker-Main-8/INFO]: [OptiFine] ConnectedTextures: optifine/ctm/default/02_glass_magenta/glass_pane_magenta.properties
[22:59:40] [Worker-Main-8/INFO]: [OptiFine] ConnectedTextures: optifine/ctm/default/03_glass_light_blue/glass_light_blue.properties
[22:59:40] [Worker-Main-8/INFO]: [OptiFine] ConnectedTextures: optifine/ctm/default/03_glass_light_blue/glass_pane_light_blue.properties
[22:59:40] [Worker-Main-8/INFO]: [OptiFine] ConnectedTextures: optifine/ctm/default/04_glass_yellow/glass_pane_yellow.properties
[22:59:40] [Worker-Main-8/INFO]: [OptiFine] ConnectedTextures: optifine/ctm/default/04_glass_yellow/glass_yellow.properties
[22:59:40] [Worker-Main-8/INFO]: [OptiFine] ConnectedTextures: optifine/ctm/default/05_glass_lime/glass_lime.properties
[22:59:40] [Worker-Main-8/INFO]: [OptiFine] ConnectedTextures: optifine/ctm/default/05_glass_lime/glass_pane_lime.properties
[22:59:40] [Worker-Main-8/INFO]: [OptiFine] ConnectedTextures: optifine/ctm/default/06_glass_pink/glass_pane_pink.properties
[22:59:40] [Worker-Main-8/INFO]: [OptiFine] ConnectedTextures: optifine/ctm/default/06_glass_pink/glass_pink.properties
[22:59:40] [Worker-Main-8/INFO]: [OptiFine] ConnectedTextures: optifine/ctm/default/07_glass_gray/glass_gray.properties
[22:59:40] [Worker-Main-8/INFO]: [OptiFine] ConnectedTextures: optifine/ctm/default/07_glass_gray/glass_pane_gray.properties
[22:59:40] [Worker-Main-8/INFO]: [OptiFine] ConnectedTextures: optifine/ctm/default/08_glass_light_gray/glass_light_gray.properties
[22:59:40] [Worker-Main-8/INFO]: [OptiFine] ConnectedTextures: optifine/ctm/default/08_glass_light_gray/glass_pane_light_gray.properties
[22:59:40] [Worker-Main-8/INFO]: [OptiFine] ConnectedTextures: optifine/ctm/default/09_glass_cyan/glass_cyan.properties
[22:59:40] [Worker-Main-8/INFO]: [OptiFine] ConnectedTextures: optifine/ctm/default/09_glass_cyan/glass_pane_cyan.properties
[22:59:40] [Worker-Main-8/INFO]: [OptiFine] ConnectedTextures: optifine/ctm/default/10_glass_purple/glass_pane_purple.properties
[22:59:40] [Worker-Main-8/INFO]: [OptiFine] ConnectedTextures: optifine/ctm/default/10_glass_purple/glass_purple.properties
[22:59:40] [Worker-Main-8/INFO]: [OptiFine] ConnectedTextures: optifine/ctm/default/11_glass_blue/glass_blue.properties
[22:59:40] [Worker-Main-8/INFO]: [OptiFine] ConnectedTextures: optifine/ctm/default/11_glass_blue/glass_pane_blue.properties
[22:59:40] [Worker-Main-8/INFO]: [OptiFine] ConnectedTextures: optifine/ctm/default/12_glass_brown/glass_brown.properties
[22:59:40] [Worker-Main-8/INFO]: [OptiFine] ConnectedTextures: optifine/ctm/default/12_glass_brown/glass_pane_brown.properties
[22:59:40] [Worker-Main-8/INFO]: [OptiFine] ConnectedTextures: optifine/ctm/default/13_glass_green/glass_green.properties
[22:59:40] [Worker-Main-8/INFO]: [OptiFine] ConnectedTextures: optifine/ctm/default/13_glass_green/glass_pane_green.properties
[22:59:40] [Worker-Main-8/INFO]: [OptiFine] ConnectedTextures: optifine/ctm/default/14_glass_red/glass_pane_red.properties
[22:59:40] [Worker-Main-8/INFO]: [OptiFine] ConnectedTextures: optifine/ctm/default/14_glass_red/glass_red.properties
[22:59:40] [Worker-Main-8/INFO]: [OptiFine] ConnectedTextures: optifine/ctm/default/15_glass_black/glass_black.properties
[22:59:40] [Worker-Main-8/INFO]: [OptiFine] ConnectedTextures: optifine/ctm/default/15_glass_black/glass_pane_black.properties
[22:59:40] [Worker-Main-8/INFO]: [OptiFine] ConnectedTextures: optifine/ctm/default/20_glass/glass.properties
[22:59:40] [Worker-Main-8/INFO]: [OptiFine] ConnectedTextures: optifine/ctm/default/20_glass/glass_pane.properties
[22:59:40] [Worker-Main-8/INFO]: [OptiFine] ConnectedTextures: optifine/ctm/default/30_bookshelf/bookshelf.properties
[22:59:40] [Worker-Main-8/INFO]: [OptiFine] ConnectedTextures: optifine/ctm/default/40_sandstone/sandstone.properties
[22:59:40] [Worker-Main-8/INFO]: [OptiFine] ConnectedTextures: optifine/ctm/default/41_red_sandstone/red_sandstone.properties
[22:59:40] [Worker-Main-8/INFO]: [OptiFine] Multipass connected textures: false
[22:59:40] [Worker-Main-8/INFO]: [OptiFine] BetterGrass: Parsing default configuration optifine/bettergrass.properties
[22:59:40] [Worker-Main-8/INFO]: [OptiFine] Multitexture: false
[22:59:40] [Worker-Main-8/INFO]: [OptiFine] Multitexture: false
[22:59:40] [Worker-Main-8/INFO]: [OptiFine] Multitexture: false
[22:59:40] [Worker-Main-8/INFO]: [OptiFine] Multitexture: false
[22:59:40] [Worker-Main-8/INFO]: [OptiFine] Multitexture: false
[22:59:40] [Worker-Main-8/INFO]: [OptiFine] Multitexture: false
[22:59:41] [main/INFO]: OpenAL initialized.
[22:59:41] [main/INFO]: Sound engine started
[22:59:41] [main/INFO]: Created: 1024x512x0 minecraft:textures/atlas/blocks.png-atlas
[22:59:41] [main/INFO]: [OptiFine] Animated sprites: 43
[22:59:41] [main/INFO]: Created: 256x128x0 minecraft:textures/atlas/signs.png-atlas
[22:59:41] [main/INFO]: [OptiFine] Animated sprites: 0
[22:59:41] [main/INFO]: Created: 512x512x0 minecraft:textures/atlas/banner_patterns.png-atlas
[22:59:41] [main/INFO]: [OptiFine] Animated sprites: 0
[22:59:41] [main/INFO]: Created: 512x512x0 minecraft:textures/atlas/shield_patterns.png-atlas
[22:59:41] [main/INFO]: [OptiFine] Animated sprites: 0
[22:59:41] [main/INFO]: Created: 256x256x0 minecraft:textures/atlas/chest.png-atlas
[22:59:41] [main/INFO]: [OptiFine] Animated sprites: 0
[22:59:41] [main/INFO]: Created: 512x256x0 minecraft:textures/atlas/beds.png-atlas
[22:59:41] [main/INFO]: [OptiFine] Animated sprites: 0
[22:59:41] [main/INFO]: Created: 512x256x0 minecraft:textures/atlas/shulker_boxes.png-atlas
[22:59:41] [main/INFO]: [OptiFine] Animated sprites: 0
[22:59:42] [main/INFO]: Created: 256x256x0 minecraft:textures/atlas/particles.png-atlas
[22:59:42] [main/INFO]: [OptiFine] Animated sprites: 0
[22:59:42] [main/INFO]: Created: 256x256x0 minecraft:textures/atlas/paintings.png-atlas
[22:59:42] [main/INFO]: [OptiFine] Animated sprites: 0
[22:59:42] [main/INFO]: Created: 128x128x0 minecraft:textures/atlas/mob_effects.png-atlas
[22:59:42] [main/INFO]: [OptiFine] Animated sprites: 0
[22:59:42] [main/INFO]: [OptiFine] *** Reloading custom textures ***
[22:59:42] [main/INFO]: [OptiFine] Disable Forge light pipeline
